This file contains any messages produced by compilers while
running configure, to aid debugging if configure makes a mistake.

It was created by anaroot configure 4.5.15, which was
generated by GNU Autoconf 2.69.  Invocation command line was

  $ ./configure --enable-maintainer-mode --prefix=/home/hwchae07/Programs/anaroot/2016SAMURAI.s027 CXX=g++-4.9

## --------- ##
## Platform. ##
## --------- ##

hostname = hwchae07
uname -m = x86_64
uname -r = 4.4.0-62-generic
uname -s = Linux
uname -v = #83-Ubuntu SMP Wed Jan 18 14:10:15 UTC 2017

/usr/bin/uname -p = unknown
/bin/uname -X     = unknown

/bin/arch              = unknown
/usr/bin/arch -k       = unknown
/usr/convex/getsysinfo = unknown
/usr/bin/hostinfo      = unknown
/bin/machine           = unknown
/usr/bin/oslevel       = unknown
/bin/universe          = unknown

PATH: /usr/local/bin
PATH: /home/hwchae07/bin
PATH: /home/hwchae07/.local/bin
PATH: /usr/local/sbin
PATH: /usr/local/bin
PATH: /usr/sbin
PATH: /usr/bin
PATH: /sbin
PATH: /bin
PATH: /usr/games
PATH: /usr/local/games
PATH: /snap/bin


## ----------- ##
## Core tests. ##
## ----------- ##

configure:2484: checking for a BSD-compatible install
configure:2552: result: /usr/bin/install -c
configure:2563: checking whether build environment is sane
configure:2618: result: yes
configure:2769: checking for a thread-safe mkdir -p
configure:2808: result: /bin/mkdir -p
configure:2815: checking for gawk
configure:2845: result: no
configure:2815: checking for mawk
configure:2831: found /usr/bin/mawk
configure:2842: result: mawk
configure:2853: checking whether make sets $(MAKE)
configure:2875: result: yes
configure:2904: checking whether make supports nested variables
configure:2921: result: yes
configure:3110: checking build system type
configure:3124: result: x86_64-pc-linux-gnu
configure:3144: checking host system type
configure:3157: result: x86_64-pc-linux-gnu
configure:3198: checking how to print strings
configure:3225: result: printf
configure:3258: checking for style of include used by make
configure:3286: result: GNU
configure:3357: checking for gcc
configure:3373: found /usr/bin/gcc
configure:3384: result: gcc
configure:3613: checking for C compiler version
configure:3622: gcc --version >&5
gcc (Ubuntu 5.4.0-6ubuntu1~16.04.4) 5.4.0 20160609
Copyright (C) 2015 Free Software Foundation, Inc.
This is free software; see the source for copying conditions.  There is NO
warranty; not even for MERCHANTABILITY or FITNESS FOR A PARTICULAR PURPOSE.

configure:3633: $? = 0
configure:3622: gcc -v >&5
Using built-in specs.
COLLECT_GCC=gcc
COLLECT_LTO_WRAPPER=/usr/lib/gcc/x86_64-linux-gnu/5/lto-wrapper
Target: x86_64-linux-gnu
Configured with: ../src/configure -v --with-pkgversion='Ubuntu 5.4.0-6ubuntu1~16.04.4' --with-bugurl=file:///usr/share/doc/gcc-5/README.Bugs --enable-languages=c,ada,c++,java,go,d,fortran,objc,obj-c++ --prefix=/usr --program-suffix=-5 --enable-shared --enable-linker-build-id --libexecdir=/usr/lib --without-included-gettext --enable-threads=posix --libdir=/usr/lib --enable-nls --with-sysroot=/ --enable-clocale=gnu --enable-libstdcxx-debug --enable-libstdcxx-time=yes --with-default-libstdcxx-abi=new --enable-gnu-unique-object --disable-vtable-verify --enable-libmpx --enable-plugin --with-system-zlib --disable-browser-plugin --enable-java-awt=gtk --enable-gtk-cairo --with-java-home=/usr/lib/jvm/java-1.5.0-gcj-5-amd64/jre --enable-java-home --with-jvm-root-dir=/usr/lib/jvm/java-1.5.0-gcj-5-amd64 --with-jvm-jar-dir=/usr/lib/jvm-exports/java-1.5.0-gcj-5-amd64 --with-arch-directory=amd64 --with-ecj-jar=/usr/share/java/eclipse-ecj.jar --enable-objc-gc --enable-multiarch --disable-werror --with-arch-32=i686 --with-abi=m64 --with-multilib-list=m32,m64,mx32 --enable-multilib --with-tune=generic --enable-checking=release --build=x86_64-linux-gnu --host=x86_64-linux-gnu --target=x86_64-linux-gnu
Thread model: posix
gcc version 5.4.0 20160609 (Ubuntu 5.4.0-6ubuntu1~16.04.4) 
configure:3633: $? = 0
configure:3622: gcc -V >&5
gcc: error: unrecognized command line option '-V'
gcc: fatal error: no input files
compilation terminated.
configure:3633: $? = 1
configure:3622: gcc -qversion >&5
gcc: error: unrecognized command line option '-qversion'
gcc: fatal error: no input files
compilation terminated.
configure:3633: $? = 1
configure:3653: checking whether the C compiler works
configure:3675: gcc    conftest.c  >&5
configure:3679: $? = 0
configure:3727: result: yes
configure:3730: checking for C compiler default output file name
configure:3732: result: a.out
configure:3738: checking for suffix of executables
configure:3745: gcc -o conftest    conftest.c  >&5
configure:3749: $? = 0
configure:3771: result: 
configure:3793: checking whether we are cross compiling
configure:3801: gcc -o conftest    conftest.c  >&5
configure:3805: $? = 0
configure:3812: ./conftest
configure:3816: $? = 0
configure:3831: result: no
configure:3836: checking for suffix of object files
configure:3858: gcc -c   conftest.c >&5
configure:3862: $? = 0
configure:3883: result: o
configure:3887: checking whether we are using the GNU C compiler
configure:3906: gcc -c   conftest.c >&5
configure:3906: $? = 0
configure:3915: result: yes
configure:3924: checking whether gcc accepts -g
configure:3944: gcc -c -g  conftest.c >&5
configure:3944: $? = 0
configure:3985: result: yes
configure:4002: checking for gcc option to accept ISO C89
configure:4065: gcc  -c -g -O2  conftest.c >&5
configure:4065: $? = 0
configure:4078: result: none needed
configure:4103: checking whether gcc understands -c and -o together
configure:4125: gcc -c conftest.c -o conftest2.o
configure:4128: $? = 0
configure:4125: gcc -c conftest.c -o conftest2.o
configure:4128: $? = 0
configure:4140: result: yes
configure:4159: checking dependency style of gcc
configure:4270: result: gcc3
configure:4285: checking for a sed that does not truncate output
configure:4349: result: /bin/sed
configure:4367: checking for grep that handles long lines and -e
configure:4425: result: /bin/grep
configure:4430: checking for egrep
configure:4492: result: /bin/grep -E
configure:4497: checking for fgrep
configure:4559: result: /bin/grep -F
configure:4594: checking for ld used by gcc
configure:4661: result: /usr/bin/ld
configure:4668: checking if the linker (/usr/bin/ld) is GNU ld
configure:4683: result: yes
configure:4695: checking for BSD- or MS-compatible name lister (nm)
configure:4749: result: /usr/bin/nm -B
configure:4879: checking the name lister (/usr/bin/nm -B) interface
configure:4886: gcc -c -g -O2  conftest.c >&5
configure:4889: /usr/bin/nm -B "conftest.o"
configure:4892: output
0000000000000000 B some_variable
configure:4899: result: BSD nm
configure:4902: checking whether ln -s works
configure:4906: result: yes
configure:4914: checking the maximum length of command line arguments
configure:5045: result: 1572864
configure:5093: checking how to convert x86_64-pc-linux-gnu file names to x86_64-pc-linux-gnu format
configure:5133: result: func_convert_file_noop
configure:5140: checking how to convert x86_64-pc-linux-gnu file names to toolchain format
configure:5160: result: func_convert_file_noop
configure:5167: checking for /usr/bin/ld option to reload object files
configure:5174: result: -r
configure:5248: checking for objdump
configure:5264: found /usr/bin/objdump
configure:5275: result: objdump
configure:5307: checking how to recognize dependent libraries
configure:5507: result: pass_all
configure:5592: checking for dlltool
configure:5622: result: no
configure:5652: checking how to associate runtime and link libraries
configure:5679: result: printf %s\n
configure:5740: checking for ar
configure:5756: found /usr/bin/ar
configure:5767: result: ar
configure:5804: checking for archiver @FILE support
configure:5821: gcc -c -g -O2  conftest.c >&5
configure:5821: $? = 0
configure:5824: ar cru libconftest.a @conftest.lst >&5
ar: `u' modifier ignored since `D' is the default (see `U')
configure:5827: $? = 0
configure:5832: ar cru libconftest.a @conftest.lst >&5
ar: `u' modifier ignored since `D' is the default (see `U')
ar: conftest.o: No such file or directory
configure:5835: $? = 1
configure:5847: result: @
configure:5905: checking for strip
configure:5921: found /usr/bin/strip
configure:5932: result: strip
configure:6004: checking for ranlib
configure:6020: found /usr/bin/ranlib
configure:6031: result: ranlib
configure:6133: checking command to parse /usr/bin/nm -B output from gcc object
configure:6286: gcc -c -g -O2  conftest.c >&5
configure:6289: $? = 0
configure:6293: /usr/bin/nm -B conftest.o \| sed -n -e 's/^.*[ ]\([ABCDGIRSTW][ABCDGIRSTW]*\)[ ][ ]*\([_A-Za-z][_A-Za-z0-9]*\)$/\1 \2 \2/p' | sed '/ __gnu_lto/d' \> conftest.nm
configure:6296: $? = 0
configure:6362: gcc -o conftest -g -O2   conftest.c conftstm.o >&5
configure:6365: $? = 0
configure:6403: result: ok
configure:6450: checking for sysroot
configure:6480: result: no
configure:6487: checking for a working dd
configure:6525: result: /bin/dd
configure:6529: checking how to truncate binary pipes
configure:6544: result: /bin/dd bs=4096 count=1
configure:6680: gcc -c -g -O2  conftest.c >&5
configure:6683: $? = 0
configure:6873: checking for mt
configure:6889: found /bin/mt
configure:6900: result: mt
configure:6923: checking if mt is a manifest tool
configure:6929: mt '-?'
configure:6937: result: no
configure:7614: checking how to run the C preprocessor
configure:7645: gcc -E  conftest.c
configure:7645: $? = 0
configure:7659: gcc -E  conftest.c
conftest.c:11:28: fatal error: ac_nonexistent.h: No such file or directory
compilation terminated.
configure:7659: $? = 1
configure: failed program was:
| /* confdefs.h */
| #define PACKAGE_NAME "anaroot"
| #define PACKAGE_TARNAME "anaroot"
| #define PACKAGE_VERSION "4.5.15"
| #define PACKAGE_STRING "anaroot 4.5.15"
| #define PACKAGE_BUGREPORT "isobe@riken.jp"
| #define PACKAGE_URL ""
| #define PACKAGE "anaroot"
| #define VERSION "4.5.15"
| /* end confdefs.h.  */
| #include <ac_nonexistent.h>
configure:7684: result: gcc -E
configure:7704: gcc -E  conftest.c
configure:7704: $? = 0
configure:7718: gcc -E  conftest.c
conftest.c:11:28: fatal error: ac_nonexistent.h: No such file or directory
compilation terminated.
configure:7718: $? = 1
configure: failed program was:
| /* confdefs.h */
| #define PACKAGE_NAME "anaroot"
| #define PACKAGE_TARNAME "anaroot"
| #define PACKAGE_VERSION "4.5.15"
| #define PACKAGE_STRING "anaroot 4.5.15"
| #define PACKAGE_BUGREPORT "isobe@riken.jp"
| #define PACKAGE_URL ""
| #define PACKAGE "anaroot"
| #define VERSION "4.5.15"
| /* end confdefs.h.  */
| #include <ac_nonexistent.h>
configure:7747: checking for ANSI C header files
configure:7767: gcc -c -g -O2  conftest.c >&5
configure:7767: $? = 0
configure:7840: gcc -o conftest -g -O2   conftest.c  >&5
configure:7840: $? = 0
configure:7840: ./conftest
configure:7840: $? = 0
configure:7851: result: yes
configure:7864: checking for sys/types.h
configure:7864: gcc -c -g -O2  conftest.c >&5
configure:7864: $? = 0
configure:7864: result: yes
configure:7864: checking for sys/stat.h
configure:7864: gcc -c -g -O2  conftest.c >&5
configure:7864: $? = 0
configure:7864: result: yes
configure:7864: checking for stdlib.h
configure:7864: gcc -c -g -O2  conftest.c >&5
configure:7864: $? = 0
configure:7864: result: yes
configure:7864: checking for string.h
configure:7864: gcc -c -g -O2  conftest.c >&5
configure:7864: $? = 0
configure:7864: result: yes
configure:7864: checking for memory.h
configure:7864: gcc -c -g -O2  conftest.c >&5
configure:7864: $? = 0
configure:7864: result: yes
configure:7864: checking for strings.h
configure:7864: gcc -c -g -O2  conftest.c >&5
configure:7864: $? = 0
configure:7864: result: yes
configure:7864: checking for inttypes.h
configure:7864: gcc -c -g -O2  conftest.c >&5
configure:7864: $? = 0
configure:7864: result: yes
configure:7864: checking for stdint.h
configure:7864: gcc -c -g -O2  conftest.c >&5
configure:7864: $? = 0
configure:7864: result: yes
configure:7864: checking for unistd.h
configure:7864: gcc -c -g -O2  conftest.c >&5
configure:7864: $? = 0
configure:7864: result: yes
configure:7878: checking for dlfcn.h
configure:7878: gcc -c -g -O2  conftest.c >&5
configure:7878: $? = 0
configure:7878: result: yes
configure:8104: checking for objdir
configure:8119: result: .libs
configure:8379: checking if gcc supports -fno-rtti -fno-exceptions
configure:8397: gcc -c -g -O2  -fno-rtti -fno-exceptions conftest.c >&5
cc1: warning: command line option '-fno-rtti' is valid for C++/ObjC++ but not for C
configure:8401: $? = 0
configure:8414: result: no
configure:8772: checking for gcc option to produce PIC
configure:8779: result: -fPIC -DPIC
configure:8787: checking if gcc PIC flag -fPIC -DPIC works
configure:8805: gcc -c -g -O2  -fPIC -DPIC -DPIC conftest.c >&5
configure:8809: $? = 0
configure:8822: result: yes
configure:8851: checking if gcc static flag -static works
configure:8879: result: yes
configure:8894: checking if gcc supports -c -o file.o
configure:8915: gcc -c -g -O2  -o out/conftest2.o conftest.c >&5
configure:8919: $? = 0
configure:8941: result: yes
configure:8949: checking if gcc supports -c -o file.o
configure:8996: result: yes
configure:9029: checking whether the gcc linker (/usr/bin/ld -m elf_x86_64) supports shared libraries
configure:10292: result: yes
configure:10329: checking whether -lc should be explicitly linked in
configure:10337: gcc -c -g -O2  conftest.c >&5
configure:10340: $? = 0
configure:10355: gcc -shared  -fPIC -DPIC conftest.o  -v -Wl,-soname -Wl,conftest -o conftest 2\>\&1 \| /bin/grep  -lc  \>/dev/null 2\>\&1
configure:10358: $? = 0
configure:10372: result: no
configure:10532: checking dynamic linker characteristics
configure:11113: gcc -o conftest -g -O2   -Wl,-rpath -Wl,/foo conftest.c  >&5
configure:11113: $? = 0
configure:11362: result: GNU/Linux ld.so
configure:11484: checking how to hardcode library paths into programs
configure:11509: result: immediate
configure:12057: checking whether stripping libraries is possible
configure:12062: result: yes
configure:12097: checking if libtool supports shared libraries
configure:12099: result: yes
configure:12102: checking whether to build shared libraries
configure:12127: result: yes
configure:12130: checking whether to build static libraries
configure:12134: result: no
configure:12285: checking for C++ compiler version
configure:12294: g++-4.9 --version >&5
g++-4.9 (Ubuntu 4.9.3-13ubuntu2) 4.9.3
Copyright (C) 2015 Free Software Foundation, Inc.
This is free software; see the source for copying conditions.  There is NO
warranty; not even for MERCHANTABILITY or FITNESS FOR A PARTICULAR PURPOSE.

configure:12305: $? = 0
configure:12294: g++-4.9 -v >&5
Using built-in specs.
COLLECT_GCC=g++-4.9
COLLECT_LTO_WRAPPER=/usr/lib/gcc/x86_64-linux-gnu/4.9/lto-wrapper
Target: x86_64-linux-gnu
Configured with: ../src/configure -v --with-pkgversion='Ubuntu 4.9.3-13ubuntu2' --with-bugurl=file:///usr/share/doc/gcc-4.9/README.Bugs --enable-languages=c,c++,java,go,d,fortran,objc,obj-c++ --prefix=/usr --program-suffix=-4.9 --enable-shared --enable-linker-build-id --libexecdir=/usr/lib --without-included-gettext --enable-threads=posix --with-gxx-include-dir=/usr/include/c++/4.9 --libdir=/usr/lib --enable-nls --with-sysroot=/ --enable-clocale=gnu --enable-libstdcxx-debug --enable-libstdcxx-time=yes --enable-gnu-unique-object --disable-vtable-verify --enable-plugin --with-system-zlib --disable-browser-plugin --enable-java-awt=gtk --enable-gtk-cairo --with-java-home=/usr/lib/jvm/java-1.5.0-gcj-4.9-amd64/jre --enable-java-home --with-jvm-root-dir=/usr/lib/jvm/java-1.5.0-gcj-4.9-amd64 --with-jvm-jar-dir=/usr/lib/jvm-exports/java-1.5.0-gcj-4.9-amd64 --with-arch-directory=amd64 --with-ecj-jar=/usr/share/java/eclipse-ecj.jar --enable-objc-gc --enable-multiarch --disable-werror --with-arch-32=i686 --with-abi=m64 --with-multilib-list=m32,m64,mx32 --enable-multilib --with-tune=generic --enable-checking=release --build=x86_64-linux-gnu --host=x86_64-linux-gnu --target=x86_64-linux-gnu
Thread model: posix
gcc version 4.9.3 (Ubuntu 4.9.3-13ubuntu2) 
configure:12305: $? = 0
configure:12294: g++-4.9 -V >&5
g++-4.9: error: unrecognized command line option '-V'
g++-4.9: fatal error: no input files
compilation terminated.
configure:12305: $? = 4
configure:12294: g++-4.9 -qversion >&5
g++-4.9: error: unrecognized command line option '-qversion'
g++-4.9: fatal error: no input files
compilation terminated.
configure:12305: $? = 4
configure:12309: checking whether we are using the GNU C++ compiler
configure:12328: g++-4.9 -c   conftest.cpp >&5
configure:12328: $? = 0
configure:12337: result: yes
configure:12346: checking whether g++-4.9 accepts -g
configure:12366: g++-4.9 -c -g  conftest.cpp >&5
configure:12366: $? = 0
configure:12407: result: yes
configure:12432: checking dependency style of g++-4.9
configure:12543: result: gcc3
configure:12576: checking how to run the C++ preprocessor
configure:12603: g++-4.9 -E  conftest.cpp
configure:12603: $? = 0
configure:12617: g++-4.9 -E  conftest.cpp
conftest.cpp:23:28: fatal error: ac_nonexistent.h: No such file or directory
 #include <ac_nonexistent.h>
                            ^
compilation terminated.
configure:12617: $? = 1
configure: failed program was:
| /* confdefs.h */
| #define PACKAGE_NAME "anaroot"
| #define PACKAGE_TARNAME "anaroot"
| #define PACKAGE_VERSION "4.5.15"
| #define PACKAGE_STRING "anaroot 4.5.15"
| #define PACKAGE_BUGREPORT "isobe@riken.jp"
| #define PACKAGE_URL ""
| #define PACKAGE "anaroot"
| #define VERSION "4.5.15"
| #define STDC_HEADERS 1
| #define HAVE_SYS_TYPES_H 1
| #define HAVE_SYS_STAT_H 1
| #define HAVE_STDLIB_H 1
| #define HAVE_STRING_H 1
| #define HAVE_MEMORY_H 1
| #define HAVE_STRINGS_H 1
| #define HAVE_INTTYPES_H 1
| #define HAVE_STDINT_H 1
| #define HAVE_UNISTD_H 1
| #define HAVE_DLFCN_H 1
| #define LT_OBJDIR ".libs/"
| /* end confdefs.h.  */
| #include <ac_nonexistent.h>
configure:12642: result: g++-4.9 -E
configure:12662: g++-4.9 -E  conftest.cpp
configure:12662: $? = 0
configure:12676: g++-4.9 -E  conftest.cpp
conftest.cpp:23:28: fatal error: ac_nonexistent.h: No such file or directory
 #include <ac_nonexistent.h>
                            ^
compilation terminated.
configure:12676: $? = 1
configure: failed program was:
| /* confdefs.h */
| #define PACKAGE_NAME "anaroot"
| #define PACKAGE_TARNAME "anaroot"
| #define PACKAGE_VERSION "4.5.15"
| #define PACKAGE_STRING "anaroot 4.5.15"
| #define PACKAGE_BUGREPORT "isobe@riken.jp"
| #define PACKAGE_URL ""
| #define PACKAGE "anaroot"
| #define VERSION "4.5.15"
| #define STDC_HEADERS 1
| #define HAVE_SYS_TYPES_H 1
| #define HAVE_SYS_STAT_H 1
| #define HAVE_STDLIB_H 1
| #define HAVE_STRING_H 1
| #define HAVE_MEMORY_H 1
| #define HAVE_STRINGS_H 1
| #define HAVE_INTTYPES_H 1
| #define HAVE_STDINT_H 1
| #define HAVE_UNISTD_H 1
| #define HAVE_DLFCN_H 1
| #define LT_OBJDIR ".libs/"
| /* end confdefs.h.  */
| #include <ac_nonexistent.h>
configure:12838: checking for ld used by g++-4.9
configure:12905: result: /usr/bin/ld -m elf_x86_64
configure:12912: checking if the linker (/usr/bin/ld -m elf_x86_64) is GNU ld
configure:12927: result: yes
configure:12982: checking whether the g++-4.9 linker (/usr/bin/ld -m elf_x86_64) supports shared libraries
configure:14055: result: yes
configure:14091: g++-4.9 -c -g -O2  conftest.cpp >&5
configure:14094: $? = 0
configure:14575: checking for g++-4.9 option to produce PIC
configure:14582: result: -fPIC -DPIC
configure:14590: checking if g++-4.9 PIC flag -fPIC -DPIC works
configure:14608: g++-4.9 -c -g -O2  -fPIC -DPIC -DPIC conftest.cpp >&5
configure:14612: $? = 0
configure:14625: result: yes
configure:14648: checking if g++-4.9 static flag -static works
configure:14676: result: yes
configure:14688: checking if g++-4.9 supports -c -o file.o
configure:14709: g++-4.9 -c -g -O2  -o out/conftest2.o conftest.cpp >&5
configure:14713: $? = 0
configure:14735: result: yes
configure:14740: checking if g++-4.9 supports -c -o file.o
configure:14787: result: yes
configure:14817: checking whether the g++-4.9 linker (/usr/bin/ld -m elf_x86_64) supports shared libraries
configure:14860: result: yes
configure:15001: checking dynamic linker characteristics
configure:15758: result: GNU/Linux ld.so
configure:15823: checking how to hardcode library paths into programs
configure:15848: result: immediate
configure:16000: checking for C compiler version
configure:16009: gcc --version >&5
gcc (Ubuntu 5.4.0-6ubuntu1~16.04.4) 5.4.0 20160609
Copyright (C) 2015 Free Software Foundation, Inc.
This is free software; see the source for copying conditions.  There is NO
warranty; not even for MERCHANTABILITY or FITNESS FOR A PARTICULAR PURPOSE.

configure:16020: $? = 0
configure:16009: gcc -v >&5
Using built-in specs.
COLLECT_GCC=gcc
COLLECT_LTO_WRAPPER=/usr/lib/gcc/x86_64-linux-gnu/5/lto-wrapper
Target: x86_64-linux-gnu
Configured with: ../src/configure -v --with-pkgversion='Ubuntu 5.4.0-6ubuntu1~16.04.4' --with-bugurl=file:///usr/share/doc/gcc-5/README.Bugs --enable-languages=c,ada,c++,java,go,d,fortran,objc,obj-c++ --prefix=/usr --program-suffix=-5 --enable-shared --enable-linker-build-id --libexecdir=/usr/lib --without-included-gettext --enable-threads=posix --libdir=/usr/lib --enable-nls --with-sysroot=/ --enable-clocale=gnu --enable-libstdcxx-debug --enable-libstdcxx-time=yes --with-default-libstdcxx-abi=new --enable-gnu-unique-object --disable-vtable-verify --enable-libmpx --enable-plugin --with-system-zlib --disable-browser-plugin --enable-java-awt=gtk --enable-gtk-cairo --with-java-home=/usr/lib/jvm/java-1.5.0-gcj-5-amd64/jre --enable-java-home --with-jvm-root-dir=/usr/lib/jvm/java-1.5.0-gcj-5-amd64 --with-jvm-jar-dir=/usr/lib/jvm-exports/java-1.5.0-gcj-5-amd64 --with-arch-directory=amd64 --with-ecj-jar=/usr/share/java/eclipse-ecj.jar --enable-objc-gc --enable-multiarch --disable-werror --with-arch-32=i686 --with-abi=m64 --with-multilib-list=m32,m64,mx32 --enable-multilib --with-tune=generic --enable-checking=release --build=x86_64-linux-gnu --host=x86_64-linux-gnu --target=x86_64-linux-gnu
Thread model: posix
gcc version 5.4.0 20160609 (Ubuntu 5.4.0-6ubuntu1~16.04.4) 
configure:16020: $? = 0
configure:16009: gcc -V >&5
gcc: error: unrecognized command line option '-V'
gcc: fatal error: no input files
compilation terminated.
configure:16020: $? = 1
configure:16009: gcc -qversion >&5
gcc: error: unrecognized command line option '-qversion'
gcc: fatal error: no input files
compilation terminated.
configure:16020: $? = 1
configure:16024: checking whether we are using the GNU C compiler
configure:16052: result: yes
configure:16061: checking whether gcc accepts -g
configure:16122: result: yes
configure:16139: checking for gcc option to accept ISO C89
configure:16215: result: none needed
configure:16240: checking whether gcc understands -c and -o together
configure:16277: result: yes
configure:16296: checking dependency style of gcc
configure:16407: result: gcc3
configure:16465: checking for ranlib
configure:16492: result: ranlib
configure:16516: checking for ANSI C header files
configure:16620: result: yes
configure:16631: checking limits.h usability
configure:16631: gcc -c -g -O2  conftest.c >&5
configure:16631: $? = 0
configure:16631: result: yes
configure:16631: checking limits.h presence
configure:16631: gcc -E  conftest.c
configure:16631: $? = 0
configure:16631: result: yes
configure:16631: checking for limits.h
configure:16631: result: yes
configure:16631: checking for stdlib.h
configure:16631: result: yes
configure:16631: checking for string.h
configure:16631: result: yes
configure:16631: checking for strings.h
configure:16631: result: yes
configure:16631: checking for unistd.h
configure:16631: result: yes
configure:16653: checking for stdbool.h that conforms to C99
configure:16720: gcc -c -g -O2  conftest.c >&5
configure:16720: $? = 0
configure:16727: result: yes
configure:16729: checking for _Bool
configure:16729: gcc -c -g -O2  conftest.c >&5
configure:16729: $? = 0
configure:16729: gcc -c -g -O2  conftest.c >&5
conftest.c: In function 'main':
conftest.c:65:20: error: expected expression before ')' token
 if (sizeof ((_Bool)))
                    ^
configure:16729: $? = 1
configure: failed program was:
| /* confdefs.h */
| #define PACKAGE_NAME "anaroot"
| #define PACKAGE_TARNAME "anaroot"
| #define PACKAGE_VERSION "4.5.15"
| #define PACKAGE_STRING "anaroot 4.5.15"
| #define PACKAGE_BUGREPORT "isobe@riken.jp"
| #define PACKAGE_URL ""
| #define PACKAGE "anaroot"
| #define VERSION "4.5.15"
| #define STDC_HEADERS 1
| #define HAVE_SYS_TYPES_H 1
| #define HAVE_SYS_STAT_H 1
| #define HAVE_STDLIB_H 1
| #define HAVE_STRING_H 1
| #define HAVE_MEMORY_H 1
| #define HAVE_STRINGS_H 1
| #define HAVE_INTTYPES_H 1
| #define HAVE_STDINT_H 1
| #define HAVE_UNISTD_H 1
| #define HAVE_DLFCN_H 1
| #define LT_OBJDIR ".libs/"
| #define STDC_HEADERS 1
| #define HAVE_LIMITS_H 1
| #define HAVE_STDLIB_H 1
| #define HAVE_STRING_H 1
| #define HAVE_STRINGS_H 1
| #define HAVE_UNISTD_H 1
| /* end confdefs.h.  */
| #include <stdio.h>
| #ifdef HAVE_SYS_TYPES_H
| # include <sys/types.h>
| #endif
| #ifdef HAVE_SYS_STAT_H
| # include <sys/stat.h>
| #endif
| #ifdef STDC_HEADERS
| # include <stdlib.h>
| # include <stddef.h>
| #else
| # ifdef HAVE_STDLIB_H
| #  include <stdlib.h>
| # endif
| #endif
| #ifdef HAVE_STRING_H
| # if !defined STDC_HEADERS && defined HAVE_MEMORY_H
| #  include <memory.h>
| # endif
| # include <string.h>
| #endif
| #ifdef HAVE_STRINGS_H
| # include <strings.h>
| #endif
| #ifdef HAVE_INTTYPES_H
| # include <inttypes.h>
| #endif
| #ifdef HAVE_STDINT_H
| # include <stdint.h>
| #endif
| #ifdef HAVE_UNISTD_H
| # include <unistd.h>
| #endif
| int
| main ()
| {
| if (sizeof ((_Bool)))
| 	    return 0;
|   ;
|   return 0;
| }
configure:16729: result: yes
configure:16746: checking for an ANSI C-conforming const
configure:16812: gcc -c -g -O2  conftest.c >&5
configure:16812: $? = 0
configure:16819: result: yes
configure:16827: checking for inline
configure:16843: gcc -c -g -O2  conftest.c >&5
configure:16843: $? = 0
configure:16851: result: inline
configure:17118: checking for stdlib.h
configure:17118: result: yes
configure:17128: checking for GNU libc compatible malloc
configure:17152: gcc -o conftest -g -O2   conftest.c  >&5
configure:17152: $? = 0
configure:17152: ./conftest
configure:17152: $? = 0
configure:17162: result: yes
configure:17183: checking whether lstat correctly handles trailing slash
configure:17209: gcc -o conftest -g -O2   conftest.c  >&5
configure:17209: $? = 0
configure:17209: ./conftest
configure:17209: $? = 0
configure:17226: result: yes
configure:17245: checking whether stat accepts an empty string
configure:17265: gcc -o conftest -g -O2   conftest.c  >&5
configure:17265: $? = 0
configure:17265: ./conftest
configure:17265: $? = 0
configure:17275: result: no
configure:17293: checking for vprintf
configure:17293: gcc -o conftest -g -O2   conftest.c  >&5
conftest.c:57:6: warning: conflicting types for built-in function 'vprintf'
 char vprintf ();
      ^
configure:17293: $? = 0
configure:17293: result: yes
configure:17299: checking for _doprnt
configure:17299: gcc -o conftest -g -O2   conftest.c  >&5
/tmp/cc8Ag8cG.o: In function `main':
/home/hwchae07/Programs/anaroot/2016SAMURAI.s027/conftest.c:69: undefined reference to `_doprnt'
collect2: error: ld returned 1 exit status
configure:17299: $? = 1
configure: failed program was:
| /* confdefs.h */
| #define PACKAGE_NAME "anaroot"
| #define PACKAGE_TARNAME "anaroot"
| #define PACKAGE_VERSION "4.5.15"
| #define PACKAGE_STRING "anaroot 4.5.15"
| #define PACKAGE_BUGREPORT "isobe@riken.jp"
| #define PACKAGE_URL ""
| #define PACKAGE "anaroot"
| #define VERSION "4.5.15"
| #define STDC_HEADERS 1
| #define HAVE_SYS_TYPES_H 1
| #define HAVE_SYS_STAT_H 1
| #define HAVE_STDLIB_H 1
| #define HAVE_STRING_H 1
| #define HAVE_MEMORY_H 1
| #define HAVE_STRINGS_H 1
| #define HAVE_INTTYPES_H 1
| #define HAVE_STDINT_H 1
| #define HAVE_UNISTD_H 1
| #define HAVE_DLFCN_H 1
| #define LT_OBJDIR ".libs/"
| #define STDC_HEADERS 1
| #define HAVE_LIMITS_H 1
| #define HAVE_STDLIB_H 1
| #define HAVE_STRING_H 1
| #define HAVE_STRINGS_H 1
| #define HAVE_UNISTD_H 1
| #define HAVE__BOOL 1
| #define HAVE_STDBOOL_H 1
| #define HAVE_STDLIB_H 1
| #define HAVE_MALLOC 1
| #define LSTAT_FOLLOWS_SLASHED_SYMLINK 1
| #define HAVE_VPRINTF 1
| /* end confdefs.h.  */
| /* Define _doprnt to an innocuous variant, in case <limits.h> declares _doprnt.
|    For example, HP-UX 11i <limits.h> declares gettimeofday.  */
| #define _doprnt innocuous__doprnt
| 
| /* System header to define __stub macros and hopefully few prototypes,
|     which can conflict with char _doprnt (); below.
|     Prefer <limits.h> to <assert.h> if __STDC__ is defined, since
|     <limits.h> exists even on freestanding compilers.  */
| 
| #ifdef __STDC__
| # include <limits.h>
| #else
| # include <assert.h>
| #endif
| 
| #undef _doprnt
| 
| /* Override any GCC internal prototype to avoid an error.
|    Use char because int might match the return type of a GCC
|    builtin and then its argument prototype would still apply.  */
| #ifdef __cplusplus
| extern "C"
| #endif
| char _doprnt ();
| /* The GNU C library defines this for functions which it implements
|     to always fail with ENOSYS.  Some functions are actually named
|     something starting with __ and the normal name is an alias.  */
| #if defined __stub__doprnt || defined __stub____doprnt
| choke me
| #endif
| 
| int
| main ()
| {
| return _doprnt ();
|   ;
|   return 0;
| }
configure:17299: result: no
configure:17313: checking for bzero
configure:17313: gcc -o conftest -g -O2   conftest.c  >&5
conftest.c:58:6: warning: conflicting types for built-in function 'bzero'
 char bzero ();
      ^
configure:17313: $? = 0
configure:17313: result: yes
configure:17313: checking for memset
configure:17313: gcc -o conftest -g -O2   conftest.c  >&5
conftest.c:59:6: warning: conflicting types for built-in function 'memset'
 char memset ();
      ^
configure:17313: $? = 0
configure:17313: result: yes
configure:17313: checking for strpbrk
configure:17313: gcc -o conftest -g -O2   conftest.c  >&5
conftest.c:60:6: warning: conflicting types for built-in function 'strpbrk'
 char strpbrk ();
      ^
configure:17313: $? = 0
configure:17313: result: yes
configure:17313: checking for strtol
configure:17313: gcc -o conftest -g -O2   conftest.c  >&5
configure:17313: $? = 0
configure:17313: result: yes
configure:17434: checking that generated files are newer than configure
configure:17440: result: done
configure:17475: creating ./config.status

## ---------------------- ##
## Running config.status. ##
## ---------------------- ##

This file was extended by anaroot config.status 4.5.15, which was
generated by GNU Autoconf 2.69.  Invocation command line was

  CONFIG_FILES    = 
  CONFIG_HEADERS  = 
  CONFIG_LINKS    = 
  CONFIG_COMMANDS = 
  $ ./config.status 

on hwchae07

config.status:1189: creating Makefile
config.status:1189: creating sources/Makefile
config.status:1189: creating sources/Core/Makefile
config.status:1189: creating sources/Nadeko/Makefile
config.status:1189: creating sources/AnaLoop/Makefile
config.status:1189: creating sources/AnaLoop/Core/Makefile
config.status:1189: creating sources/AnaLoop/Example/Makefile
config.status:1189: creating sources/AnaLoop/EncExample/Makefile
config.status:1189: creating sources/Reconstruction/Makefile
config.status:1189: creating sources/Reconstruction/BigRIPS/Makefile
config.status:1189: creating sources/Reconstruction/SAMURAI/Makefile
config.status:1189: creating sources/Reconstruction/MINOS/Makefile
config.status:1189: creating sources/Reconstruction/WINDS/Makefile
config.status:1189: creating sources/Reconstruction/ESPRI/Makefile
config.status:1189: creating sources/Reconstruction/DALI/Makefile
config.status:1189: creating sources/Reconstruction/SILICONS/Makefile
config.status:1189: creating sources/Reconstruction/CATANA/Makefile
config.status:1189: creating sources/Core/include/TArtConfig.hh
config.status:1370: sources/Core/include/TArtConfig.hh is unchanged
config.status:1418: executing depfiles commands
config.status:1418: executing libtool commands
configure:19895: WARNING: unrecognized options: --enable-maintainer-mode

## ---------------- ##
## Cache variables. ##
## ---------------- ##

ac_cv_build=x86_64-pc-linux-gnu
ac_cv_c_compiler_gnu=yes
ac_cv_c_const=yes
ac_cv_c_inline=inline
ac_cv_cxx_compiler_gnu=yes
ac_cv_env_CCC_set=
ac_cv_env_CCC_value=
ac_cv_env_CC_set=
ac_cv_env_CC_value=
ac_cv_env_CFLAGS_set=
ac_cv_env_CFLAGS_value=
ac_cv_env_CPPFLAGS_set=
ac_cv_env_CPPFLAGS_value=
ac_cv_env_CPP_set=
ac_cv_env_CPP_value=
ac_cv_env_CXXCPP_set=
ac_cv_env_CXXCPP_value=
ac_cv_env_CXXFLAGS_set=
ac_cv_env_CXXFLAGS_value=
ac_cv_env_CXX_set=set
ac_cv_env_CXX_value=g++-4.9
ac_cv_env_LDFLAGS_set=
ac_cv_env_LDFLAGS_value=
ac_cv_env_LIBS_set=
ac_cv_env_LIBS_value=
ac_cv_env_LT_SYS_LIBRARY_PATH_set=
ac_cv_env_LT_SYS_LIBRARY_PATH_value=
ac_cv_env_MINOS_FEM_CFLAGS_set=
ac_cv_env_MINOS_FEM_CFLAGS_value=
ac_cv_env_MINOS_FEM_LIBS_set=
ac_cv_env_MINOS_FEM_LIBS_value=
ac_cv_env_PKG_CONFIG_LIBDIR_set=
ac_cv_env_PKG_CONFIG_LIBDIR_value=
ac_cv_env_PKG_CONFIG_PATH_set=
ac_cv_env_PKG_CONFIG_PATH_value=
ac_cv_env_PKG_CONFIG_set=
ac_cv_env_PKG_CONFIG_value=
ac_cv_env_build_alias_set=
ac_cv_env_build_alias_value=
ac_cv_env_host_alias_set=
ac_cv_env_host_alias_value=
ac_cv_env_target_alias_set=
ac_cv_env_target_alias_value=
ac_cv_func__doprnt=no
ac_cv_func_bzero=yes
ac_cv_func_lstat_dereferences_slashed_symlink=yes
ac_cv_func_malloc_0_nonnull=yes
ac_cv_func_memset=yes
ac_cv_func_stat_empty_string_bug=no
ac_cv_func_strpbrk=yes
ac_cv_func_strtol=yes
ac_cv_func_vprintf=yes
ac_cv_header_dlfcn_h=yes
ac_cv_header_inttypes_h=yes
ac_cv_header_limits_h=yes
ac_cv_header_memory_h=yes
ac_cv_header_stdbool_h=yes
ac_cv_header_stdc=yes
ac_cv_header_stdint_h=yes
ac_cv_header_stdlib_h=yes
ac_cv_header_string_h=yes
ac_cv_header_strings_h=yes
ac_cv_header_sys_stat_h=yes
ac_cv_header_sys_types_h=yes
ac_cv_header_unistd_h=yes
ac_cv_host=x86_64-pc-linux-gnu
ac_cv_objext=o
ac_cv_path_EGREP='/bin/grep -E'
ac_cv_path_FGREP='/bin/grep -F'
ac_cv_path_GREP=/bin/grep
ac_cv_path_SED=/bin/sed
ac_cv_path_install='/usr/bin/install -c'
ac_cv_path_lt_DD=/bin/dd
ac_cv_path_mkdir=/bin/mkdir
ac_cv_prog_AWK=mawk
ac_cv_prog_CPP='gcc -E'
ac_cv_prog_CXXCPP='g++-4.9 -E'
ac_cv_prog_ac_ct_AR=ar
ac_cv_prog_ac_ct_CC=gcc
ac_cv_prog_ac_ct_MANIFEST_TOOL=mt
ac_cv_prog_ac_ct_OBJDUMP=objdump
ac_cv_prog_ac_ct_RANLIB=ranlib
ac_cv_prog_ac_ct_STRIP=strip
ac_cv_prog_cc_c89=
ac_cv_prog_cc_g=yes
ac_cv_prog_cxx_g=yes
ac_cv_prog_make_make_set=yes
ac_cv_type__Bool=yes
am_cv_CC_dependencies_compiler_type=gcc3
am_cv_CXX_dependencies_compiler_type=gcc3
am_cv_make_support_nested_variables=yes
am_cv_prog_cc_c_o=yes
lt_cv_ar_at_file=@
lt_cv_archive_cmds_need_lc=no
lt_cv_deplibs_check_method=pass_all
lt_cv_file_magic_cmd='$MAGIC_CMD'
lt_cv_file_magic_test_file=
lt_cv_ld_reload_flag=-r
lt_cv_nm_interface='BSD nm'
lt_cv_objdir=.libs
lt_cv_path_LD=/usr/bin/ld
lt_cv_path_LDCXX='/usr/bin/ld -m elf_x86_64'
lt_cv_path_NM='/usr/bin/nm -B'
lt_cv_path_mainfest_tool=no
lt_cv_prog_compiler_c_o=yes
lt_cv_prog_compiler_c_o_CXX=yes
lt_cv_prog_compiler_pic='-fPIC -DPIC'
lt_cv_prog_compiler_pic_CXX='-fPIC -DPIC'
lt_cv_prog_compiler_pic_works=yes
lt_cv_prog_compiler_pic_works_CXX=yes
lt_cv_prog_compiler_rtti_exceptions=no
lt_cv_prog_compiler_static_works=yes
lt_cv_prog_compiler_static_works_CXX=yes
lt_cv_prog_gnu_ld=yes
lt_cv_prog_gnu_ldcxx=yes
lt_cv_sharedlib_from_linklib_cmd='printf %s\n'
lt_cv_shlibpath_overrides_runpath=no
lt_cv_sys_global_symbol_pipe='sed -n -e '\''s/^.*[	 ]\([ABCDGIRSTW][ABCDGIRSTW]*\)[	 ][	 ]*\([_A-Za-z][_A-Za-z0-9]*\)$/\1 \2 \2/p'\'' | sed '\''/ __gnu_lto/d'\'''
lt_cv_sys_global_symbol_to_c_name_address='sed -n -e '\''s/^: \(.*\) .*$/  {"\1", (void *) 0},/p'\'' -e '\''s/^[ABCDGIRSTW][ABCDGIRSTW]* .* \(.*\)$/  {"\1", (void *) \&\1},/p'\'''
lt_cv_sys_global_symbol_to_c_name_address_lib_prefix='sed -n -e '\''s/^: \(.*\) .*$/  {"\1", (void *) 0},/p'\'' -e '\''s/^[ABCDGIRSTW][ABCDGIRSTW]* .* \(lib.*\)$/  {"\1", (void *) \&\1},/p'\'' -e '\''s/^[ABCDGIRSTW][ABCDGIRSTW]* .* \(.*\)$/  {"lib\1", (void *) \&\1},/p'\'''
lt_cv_sys_global_symbol_to_cdecl='sed -n -e '\''s/^T .* \(.*\)$/extern int \1();/p'\'' -e '\''s/^[ABCDGIRSTW][ABCDGIRSTW]* .* \(.*\)$/extern char \1;/p'\'''
lt_cv_sys_global_symbol_to_import=
lt_cv_sys_max_cmd_len=1572864
lt_cv_to_host_file_cmd=func_convert_file_noop
lt_cv_to_tool_file_cmd=func_convert_file_noop
lt_cv_truncate_bin='/bin/dd bs=4096 count=1'

## ----------------- ##
## Output variables. ##
## ----------------- ##

ACLOCAL='${SHELL} /home/hwchae07/Programs/anaroot/2016SAMURAI.s027/missing aclocal-1.15'
AMDEPBACKSLASH='\'
AMDEP_FALSE='#'
AMDEP_TRUE=''
AMTAR='$${TAR-tar}'
AM_BACKSLASH='\'
AM_DEFAULT_V='$(AM_DEFAULT_VERBOSITY)'
AM_DEFAULT_VERBOSITY='1'
AM_V='$(V)'
AR='ar'
AUTOCONF='${SHELL} /home/hwchae07/Programs/anaroot/2016SAMURAI.s027/missing autoconf'
AUTOHEADER='${SHELL} /home/hwchae07/Programs/anaroot/2016SAMURAI.s027/missing autoheader'
AUTOMAKE='${SHELL} /home/hwchae07/Programs/anaroot/2016SAMURAI.s027/missing automake-1.15'
AWK='mawk'
CC='gcc'
CCDEPMODE='depmode=gcc3'
CFLAGS='-g -O2'
CPP='gcc -E'
CPPFLAGS=''
CXX='g++-4.9'
CXXCPP='g++-4.9 -E'
CXXDEPMODE='depmode=gcc3'
CXXFLAGS='-g -O2'
CYGPATH_W='echo'
DEFS='-DHAVE_CONFIG_H'
DEPDIR='.deps'
DLLTOOL='false'
DSYMUTIL=''
DUMPBIN=''
ECHO_C=''
ECHO_N='-n'
ECHO_T=''
EGREP='/bin/grep -E'
EXEEXT=''
FGREP='/bin/grep -F'
GREP='/bin/grep'
INSTALL_DATA='${INSTALL} -m 644'
INSTALL_PROGRAM='${INSTALL}'
INSTALL_SCRIPT='${INSTALL}'
INSTALL_STRIP_PROGRAM='$(install_sh) -c -s'
LD='/usr/bin/ld -m elf_x86_64'
LDFLAGS=''
LIBOBJS=''
LIBS=''
LIBTOOL='$(SHELL) $(top_builddir)/libtool'
LIPO=''
LN_S='ln -s'
LTLIBOBJS=''
LT_SYS_LIBRARY_PATH=''
MAKEINFO='${SHELL} /home/hwchae07/Programs/anaroot/2016SAMURAI.s027/missing makeinfo'
MANIFEST_TOOL=':'
MINOS_FEM_CFLAGS=''
MINOS_FEM_LIBS=''
MKDIR_P='/bin/mkdir -p'
NM='/usr/bin/nm -B'
NMEDIT=''
OBJDUMP='objdump'
OBJEXT='o'
OTOOL64=''
OTOOL=''
PACKAGE='anaroot'
PACKAGE_BUGREPORT='isobe@riken.jp'
PACKAGE_NAME='anaroot'
PACKAGE_STRING='anaroot 4.5.15'
PACKAGE_TARNAME='anaroot'
PACKAGE_URL=''
PACKAGE_VERSION='4.5.15'
PATH_SEPARATOR=':'
PKG_CONFIG=''
PKG_CONFIG_LIBDIR=''
PKG_CONFIG_PATH=''
RANLIB='ranlib'
ROOTLIBS='-L/usr/local/lib -lGui -lCore -lRIO -lNet -lHist -lGraf -lGraf3d -lGpad -lTree -lRint -lPostscript -lMatrix -lPhysics -lMathCore -lThread -lMultiProc -pthread -lm -ldl -rdynamic'
SED='/bin/sed'
SET_MAKE=''
SHELL='/bin/bash'
STRIP='strip'
USE_MINOS_FALSE=''
USE_MINOS_TRUE='#'
VERSION='4.5.15'
X11DIR='/usr/lib64'
ac_ct_AR='ar'
ac_ct_CC='gcc'
ac_ct_CXX=''
ac_ct_DUMPBIN=''
am__EXEEXT_FALSE=''
am__EXEEXT_TRUE='#'
am__fastdepCC_FALSE='#'
am__fastdepCC_TRUE=''
am__fastdepCXX_FALSE='#'
am__fastdepCXX_TRUE=''
am__include='include'
am__isrc=''
am__leading_dot='.'
am__nodep='_no'
am__quote=''
am__tar='$${TAR-tar} chof - "$$tardir"'
am__untar='$${TAR-tar} xf -'
bindir='${exec_prefix}/bin'
build='x86_64-pc-linux-gnu'
build_alias=''
build_cpu='x86_64'
build_os='linux-gnu'
build_vendor='pc'
datadir='${datarootdir}'
datarootdir='${prefix}/share'
docdir='${datarootdir}/doc/${PACKAGE_TARNAME}'
dvidir='${docdir}'
exec_prefix='${prefix}'
host='x86_64-pc-linux-gnu'
host_alias=''
host_cpu='x86_64'
host_os='linux-gnu'
host_vendor='pc'
htmldir='${docdir}'
includedir='${prefix}/include'
infodir='${datarootdir}/info'
install_sh='${SHELL} /home/hwchae07/Programs/anaroot/2016SAMURAI.s027/install-sh'
libdir='${exec_prefix}/lib'
libexecdir='${exec_prefix}/libexec'
localedir='${datarootdir}/locale'
localstatedir='${prefix}/var'
mandir='${datarootdir}/man'
mkdir_p='$(MKDIR_P)'
oldincludedir='/usr/include'
pdfdir='${docdir}'
prefix='/home/hwchae07/Programs/anaroot/2016SAMURAI.s027'
program_transform_name='s,x,x,'
psdir='${docdir}'
runstatedir='${localstatedir}/run'
sbindir='${exec_prefix}/sbin'
sharedstatedir='${prefix}/com'
sysconfdir='${prefix}/etc'
target_alias=''

## ----------- ##
## confdefs.h. ##
## ----------- ##

/* confdefs.h */
#define PACKAGE_NAME "anaroot"
#define PACKAGE_TARNAME "anaroot"
#define PACKAGE_VERSION "4.5.15"
#define PACKAGE_STRING "anaroot 4.5.15"
#define PACKAGE_BUGREPORT "isobe@riken.jp"
#define PACKAGE_URL ""
#define PACKAGE "anaroot"
#define VERSION "4.5.15"
#define STDC_HEADERS 1
#define HAVE_SYS_TYPES_H 1
#define HAVE_SYS_STAT_H 1
#define HAVE_STDLIB_H 1
#define HAVE_STRING_H 1
#define HAVE_MEMORY_H 1
#define HAVE_STRINGS_H 1
#define HAVE_INTTYPES_H 1
#define HAVE_STDINT_H 1
#define HAVE_UNISTD_H 1
#define HAVE_DLFCN_H 1
#define LT_OBJDIR ".libs/"
#define STDC_HEADERS 1
#define HAVE_LIMITS_H 1
#define HAVE_STDLIB_H 1
#define HAVE_STRING_H 1
#define HAVE_STRINGS_H 1
#define HAVE_UNISTD_H 1
#define HAVE__BOOL 1
#define HAVE_STDBOOL_H 1
#define HAVE_STDLIB_H 1
#define HAVE_MALLOC 1
#define LSTAT_FOLLOWS_SLASHED_SYMLINK 1
#define HAVE_VPRINTF 1
#define HAVE_BZERO 1
#define HAVE_MEMSET 1
#define HAVE_STRPBRK 1
#define HAVE_STRTOL 1

configure: exit 0
